{
  "timestamp": "2025-06-03 18:17:45.523493",
  "device_info": {
    "serial_number": "AEYAHVQwUBMgOTNO",
    "model": "0",
    "git_hash": "6d01e68a1ccf06e067b60fa2edc8b11ad033b1fa",
    "git_dirty": false,
    "git_timestamp": 1743089007,
    "uuid": "5b5f0890-87cd-4621-aa76-b011f7097bb2"
  },
  "calibration": {
    "invert": false,
    "phase_invert": false,
    "poles": 14,
    "offset": [
      -2.946012222683192,
      -2.9472670016781533,
      -2.941930902071302,
      -2.9418072044515347,
      -2.9620438500279453,
      -2.9870829763391957,
      -3.0224933787757786,
      -3.0550233426991285,
      -3.0684833343987017,
      -3.065315814518356,
      -3.0429405264493146,
      -3.0184725701080466,
      -2.9859751893555524,
      -2.965059846022755,
      -2.953778307219385,
      -2.9546020143146587,
      -2.961124410489246,
      -2.947995144778949,
      -2.9222567301387383,
      -2.8744049239821177,
      -2.8330901904622317,
      -2.7985356225750406,
      -2.7787900463104296,
      -2.7738461792603752,
      -2.7876211586805835,
      -2.8096682750064805,
      -2.8196759294551694,
      -2.8309801611893253,
      -2.8192066690927913,
      -2.8125643954287867,
      -2.8089363638977973,
      -2.836474803493087,
      -2.860445642532531,
      -2.91225569557545,
      -2.9534136992617737,
      -2.9839679569448485,
      -3.0064664429854426,
      -3.0185661389334424,
      -3.0127618714382276,
      -2.9944169141400434,
      -2.992913704678093,
      -2.9937142869962297,
      -3.008147437946533,
      -3.0228377812985125,
      -3.0305369360447414,
      -3.011479013644497,
      -2.991736466894092,
      -2.9540324467060306,
      -2.910676393603876,
      -2.8860646960998144,
      -2.8623653923316206,
      -2.85834236479869,
      -2.8639192628949894,
      -2.863176429163667,
      -2.849652768884839,
      -2.835639620353307,
      -2.8091243260043104,
      -2.7852910464558813,
      -2.7848941051349403,
      -2.795464508939885,
      -2.8232309454264395,
      -2.8558148072631573,
      -2.89574527978177,
      -2.924725021827522
    ],
    "fit_metric": 16.778083132931247,
    "current_quality_factor": 68.75215800332462
  },
  "winding_resistance": 0.20053914163250353,
  "inductance": 5.055201915236076e-05,
  "pid_dq_kp": 0.03176277039863742,
  "pid_dq_ki": 126.00245882197522,
  "torque_bw_hz": 100.0,
  "encoder_filter_bw_hz": 100.0,
  "encoder_filter_kp": 1256.6370614359173,
  "encoder_filter_ki": 394784.17604357435,
  "kv": 330.43776882841075,
  "unwrapped_position_scale": 1.0,
  "motor_position_output_sign": 1.0,
  "abi_version": 266,
  "voltage_mode_control": false
}
